c:\users\shahi\desktop\game3111-assignments\assignment 2\week2-2-initializedirect3d\initializedirect3d\x64\debug\vc143.pdb
c:\users\shahi\desktop\game3111-assignments\assignment 2\week2-2-initializedirect3d\initializedirect3d\x64\debug\vc143.idb
c:\users\shahi\desktop\game3111-assignments\assignment 2\week2-2-initializedirect3d\initializedirect3d\x64\debug\waves.obj
c:\users\shahi\desktop\game3111-assignments\assignment 2\week2-2-initializedirect3d\initializedirect3d\x64\debug\frameresource.obj
c:\users\shahi\desktop\game3111-assignments\assignment 2\week2-2-initializedirect3d\initializedirect3d\x64\debug\a1withlights&textures.obj
c:\users\shahi\desktop\game3111-assignments\assignment 2\week2-2-initializedirect3d\initializedirect3d\x64\debug\mathhelper.obj
c:\users\shahi\desktop\game3111-assignments\assignment 2\week2-2-initializedirect3d\initializedirect3d\x64\debug\geometrygenerator.obj
c:\users\shahi\desktop\game3111-assignments\assignment 2\week2-2-initializedirect3d\initializedirect3d\x64\debug\gametimer.obj
c:\users\shahi\desktop\game3111-assignments\assignment 2\week2-2-initializedirect3d\initializedirect3d\x64\debug\ddstextureloader.obj
c:\users\shahi\desktop\game3111-assignments\assignment 2\week2-2-initializedirect3d\initializedirect3d\x64\debug\d3dutil.obj
c:\users\shahi\desktop\game3111-assignments\assignment 2\week2-2-initializedirect3d\initializedirect3d\x64\debug\d3dapp.obj
c:\users\shahi\desktop\game3111-assignments\assignment 2\week2-2-initializedirect3d\initializedirect3d\x64\debug\camera.obj
c:\users\shahi\desktop\game3111-assignments\assignment 2\week2-2-initializedirect3d\x64\debug\initializedirect3d.exe
c:\users\shahi\desktop\game3111-assignments\assignment 2\week2-2-initializedirect3d\initializedirect3d\x64\debug\initializedirect3d.ilk
c:\users\shahi\desktop\game3111-assignments\assignment 2\week2-2-initializedirect3d\x64\debug\initializedirect3d.pdb
c:\users\shahi\desktop\game3111-assignments\assignment 2\week2-2-initializedirect3d\initializedirect3d\x64\debug\initiali.83d3c7a0.tlog\cl.command.1.tlog
c:\users\shahi\desktop\game3111-assignments\assignment 2\week2-2-initializedirect3d\initializedirect3d\x64\debug\initiali.83d3c7a0.tlog\cl.items.tlog
c:\users\shahi\desktop\game3111-assignments\assignment 2\week2-2-initializedirect3d\initializedirect3d\x64\debug\initiali.83d3c7a0.tlog\cl.read.1.tlog
c:\users\shahi\desktop\game3111-assignments\assignment 2\week2-2-initializedirect3d\initializedirect3d\x64\debug\initiali.83d3c7a0.tlog\cl.write.1.tlog
c:\users\shahi\desktop\game3111-assignments\assignment 2\week2-2-initializedirect3d\initializedirect3d\x64\debug\initiali.83d3c7a0.tlog\link.command.1.tlog
c:\users\shahi\desktop\game3111-assignments\assignment 2\week2-2-initializedirect3d\initializedirect3d\x64\debug\initiali.83d3c7a0.tlog\link.read.1.tlog
c:\users\shahi\desktop\game3111-assignments\assignment 2\week2-2-initializedirect3d\initializedirect3d\x64\debug\initiali.83d3c7a0.tlog\link.write.1.tlog
